<?xml version="1.0" encoding="UTF-8"?>
<!-- Generated by org.testng.reporters.JUnitReportReporter -->
<testsuite skipped="0" hostname="LAPTOP-IN3O14F1" name="enter_TimeTrack.CreateCustomer" tests="5" failures="0" timestamp="2022-06-24T08:20:59 IST" time="28.675" errors="0">
  <testcase name="createTasks" time="5.459" classname="enter_TimeTrack.CreateCustomer"/>
  <system-out/>
  <testcase name="createTasks" time="5.819" classname="enter_TimeTrack.CreateCustomer"/>
  <system-out/>
  <testcase name="createTasks" time="6.149" classname="enter_TimeTrack.CreateCustomer"/>
  <system-out/>
  <testcase name="createTasks" time="5.444" classname="enter_TimeTrack.CreateCustomer"/>
  <system-out/>
  <testcase name="createTasks" time="5.804" classname="enter_TimeTrack.CreateCustomer"/>
  <system-out/>
</testsuite> <!-- enter_TimeTrack.CreateCustomer -->
