<?xml version="1.0" encoding="UTF-8"?>
<!-- Generated by org.testng.reporters.JUnitReportReporter -->
<testsuite hostname="LAPTOP-IN3O14F1" failures="0" tests="5" name="enter_TimeTrack.CreateCustomer" time="28.839" errors="0" timestamp="2022-06-26T07:43:59 IST" skipped="0">
  <testcase classname="enter_TimeTrack.CreateCustomer" name="createTasks" time="5.840"/>
  <system-out/>
  <testcase classname="enter_TimeTrack.CreateCustomer" name="createTasks" time="5.770"/>
  <system-out/>
  <testcase classname="enter_TimeTrack.CreateCustomer" name="createTasks" time="5.789"/>
  <system-out/>
  <testcase classname="enter_TimeTrack.CreateCustomer" name="createTasks" time="5.741"/>
  <system-out/>
  <testcase classname="enter_TimeTrack.CreateCustomer" name="createTasks" time="5.699"/>
  <system-out/>
</testsuite> <!-- enter_TimeTrack.CreateCustomer -->
